Using pre-set license

 COMMAND LINE ARGUMENTS:
/Applications/Unity/2020.3.5f1/Unity.app/Contents/MacOS/Unity
-adb2
-batchMode
-noUpm
-name
AssetImportWorker0
-projectPath
/Users/luella/Desktop/arfoundation-samples-main
-logFile
Logs/AssetImportWorker0.log
-srvPort
49358
Successfully changed project path to: /Users/luella/Desktop/arfoundation-samples-main
/Users/luella/Desktop/arfoundation-samples-main
Using Asset Import Pipeline V2.
Refreshing native plugins compatible for Editor in 37.06 ms, found 1 plugins.
Preloading 0 native plugins for Editor in 0.00 ms.
Initialize engine version: 2020.3.5f1 (8095aa901b9b)
[Subsystems] Discovering subsystems at path /Applications/Unity/2020.3.5f1/Unity.app/Contents/Resources/UnitySubsystems
[Subsystems] Discovering subsystems at path /Users/luella/Desktop/arfoundation-samples-main/Assets
GfxDevice: creating device client; threaded=0
2021-04-29 22:40:35.079 Unity[833:12064] Color LCD preferred device: Intel(R) Iris(TM) Plus Graphics (low power)
2021-04-29 22:40:35.079 Unity[833:12064] Metal devices available: 1
2021-04-29 22:40:35.079 Unity[833:12064] 0: Intel(R) Iris(TM) Plus Graphics (low power)
2021-04-29 22:40:35.080 Unity[833:12064] Using device Intel(R) Iris(TM) Plus Graphics (low power)
Initializing Metal device caps: Intel(R) Iris(TM) Plus Graphics
Initialize mono
Mono path[0] = '/Applications/Unity/2020.3.5f1/Unity.app/Contents/Managed'
Mono path[1] = '/Applications/Unity/2020.3.5f1/Unity.app/Contents/MonoBleedingEdge/lib/mono/unityjit'
Mono config path = '/Applications/Unity/2020.3.5f1/Unity.app/Contents/MonoBleedingEdge/etc'
Using monoOptions --debugger-agent=transport=dt_socket,embedding=1,server=y,suspend=n,address=127.0.0.1:56833
Begin MonoManager ReloadAssembly
Registering precompiled unity dll's ...
Register platform support module: /Applications/Unity/2020.3.5f1/Unity.app/Contents/PlaybackEngines/MacStandaloneSupport/UnityEditor.OSXStandalone.Extensions.dll
Registered in 0.001217 seconds.
Native extension for OSXStandalone target not found
Refreshing native plugins compatible for Editor in 32.27 ms, found 1 plugins.
Preloading 0 native plugins for Editor in 0.00 ms.
Mono: successfully reloaded assembly
- Completed reload, in  1.402 seconds
Platform modules already initialized, skipping
Registering precompiled user dll's ...
Registered in 0.000466 seconds.
Begin MonoManager ReloadAssembly
Native extension for OSXStandalone target not found
Refreshing native plugins compatible for Editor in 33.09 ms, found 1 plugins.
Preloading 0 native plugins for Editor in 0.00 ms.
Mono: successfully reloaded assembly
- Completed reload, in  1.070 seconds
Platform modules already initialized, skipping
========================================================================
Worker process is ready to serve import requests
Launching external process: /Applications/Unity/2020.3.5f1/Unity.app/Contents/Tools/UnityShaderCompiler
Launched and connected shader compiler UnityShaderCompiler after 0.01 seconds
Refreshing native plugins compatible for Editor in 0.44 ms, found 1 plugins.
Preloading 0 native plugins for Editor in 0.00 ms.
Unloading 1685 Unused Serialized files (Serialized files now loaded: 0)
System memory in use before: 135.2 MB.
System memory in use after: 135.2 MB.

Unloading 22 unused Assets to reduce memory usage. Loaded Objects now: 2130.
Total: 2.351223 ms (FindLiveObjects: 0.230671 ms CreateObjectMapping: 0.111182 ms MarkObjects: 1.914810 ms  DeleteObjects: 0.092503 ms)

========================================================================
Received Import Request.
  path: Assets/FaceGame/Materials/NoseTarget.mat
  artifactKey: Guid(a604026f66e0f4cce88342b7a8de10bd) Importer(815301076,1909f56bfc062723c751e8b465ee728b)
Start importing Assets/FaceGame/Materials/NoseTarget.mat using Guid(a604026f66e0f4cce88342b7a8de10bd) Importer(815301076,1909f56bfc062723c751e8b465ee728b)  -> (artifact id: '2cce473b1f1ac38f5f476a0eb8dd7073') in 1.353775 seconds
  Import took 1.357350 seconds .

========================================================================
Received Import Request.
  Time since last request: 0.000342 seconds.
  path: Assets/FaceGame/Materials/TongueTarget.mat
  artifactKey: Guid(00a59f31fac9f4e419924e453b9f8088) Importer(815301076,1909f56bfc062723c751e8b465ee728b)
Start importing Assets/FaceGame/Materials/TongueTarget.mat using Guid(00a59f31fac9f4e419924e453b9f8088) Importer(815301076,1909f56bfc062723c751e8b465ee728b)  -> (artifact id: 'ffdf215e90eb2deaec6ce5a8fec8e50a') in 0.020069 seconds
  Import took 0.023730 seconds .

========================================================================
Received Import Request.
  Time since last request: 0.000261 seconds.
  path: Assets/FaceGame/Materials/LeftWinkTarget.mat
  artifactKey: Guid(a5121d6bdddd348a28d6c8d4d780724b) Importer(815301076,1909f56bfc062723c751e8b465ee728b)
Start importing Assets/FaceGame/Materials/LeftWinkTarget.mat using Guid(a5121d6bdddd348a28d6c8d4d780724b) Importer(815301076,1909f56bfc062723c751e8b465ee728b)  -> (artifact id: '533dacdb68afc3fad96092d2eaeaa4f7') in 0.029887 seconds
  Import took 0.033814 seconds .

========================================================================
Received Import Request.
  Time since last request: 44.563449 seconds.
  path: Assets/Scenes/ImageTracking/Prefabs/FireFliesPrefab/Textures/Ramp01.png
  artifactKey: Guid(c07de05b9bda8f6409252857c36d7ed0) Importer(815301076,1909f56bfc062723c751e8b465ee728b)
Start importing Assets/Scenes/ImageTracking/Prefabs/FireFliesPrefab/Textures/Ramp01.png using Guid(c07de05b9bda8f6409252857c36d7ed0) Importer(815301076,1909f56bfc062723c751e8b465ee728b)  -> (artifact id: '276e772591e1cbe3561d1c20b57cf3e7') in 1.042142 seconds
  Import took 1.046859 seconds .

========================================================================
Received Import Request.
  Time since last request: 0.000286 seconds.
  path: Assets/Plugins/ARFoundationRemoteInstaller/Assets/Images/unitylogowhiteonblack.png
  artifactKey: Guid(20dc3e64c1b654d5c87954fe6f256a8b) Importer(815301076,1909f56bfc062723c751e8b465ee728b)
Start importing Assets/Plugins/ARFoundationRemoteInstaller/Assets/Images/unitylogowhiteonblack.png using Guid(20dc3e64c1b654d5c87954fe6f256a8b) Importer(815301076,1909f56bfc062723c751e8b465ee728b)  -> (artifact id: '05e11bb2f142cb3f96933ec6c2ede2b1') in 0.030571 seconds
  Import took 0.033611 seconds .

========================================================================
Received Import Request.
  Time since last request: 96.984840 seconds.
  path: Assets/FaceGame/Textures/image-7.png
  artifactKey: Guid(c5fb401a138b44acc80ee4390114218a) Importer(815301076,1909f56bfc062723c751e8b465ee728b)
Start importing Assets/FaceGame/Textures/image-7.png using Guid(c5fb401a138b44acc80ee4390114218a) Importer(815301076,1909f56bfc062723c751e8b465ee728b)  -> (artifact id: 'c6e397c349127ef8d3bd9c8d3b6acca7') in 0.023827 seconds
  Import took 0.027696 seconds .

========================================================================
Received Import Request.
  Time since last request: 0.025612 seconds.
  path: Assets/FaceGame/Textures/image-7.png
  artifactKey: Guid(c5fb401a138b44acc80ee4390114218a) Importer(815301076,1909f56bfc062723c751e8b465ee728b)
Start importing Assets/FaceGame/Textures/image-7.png using Guid(c5fb401a138b44acc80ee4390114218a) Importer(815301076,1909f56bfc062723c751e8b465ee728b)  -> (artifact id: 'c6e397c349127ef8d3bd9c8d3b6acca7') in 0.027526 seconds
  Import took 0.032356 seconds .

========================================================================
Received Import Request.
  Time since last request: 4.683069 seconds.
  path: Assets/FaceGame/Textures/image-7.png
  artifactKey: Guid(c5fb401a138b44acc80ee4390114218a) Importer(815301076,1909f56bfc062723c751e8b465ee728b)
Start importing Assets/FaceGame/Textures/image-7.png using Guid(c5fb401a138b44acc80ee4390114218a) Importer(815301076,1909f56bfc062723c751e8b465ee728b)  -> (artifact id: '99e7118a9f3bca1aa422242c06c03357') in 0.056911 seconds
  Import took 0.059644 seconds .

========================================================================
Received Import Request.
  Time since last request: 17.456506 seconds.
  path: Assets/FaceGame/Textures/circle visualizer.png
  artifactKey: Guid(c5fb401a138b44acc80ee4390114218a) Importer(815301076,1909f56bfc062723c751e8b465ee728b)
Start importing Assets/FaceGame/Textures/circle visualizer.png using Guid(c5fb401a138b44acc80ee4390114218a) Importer(815301076,1909f56bfc062723c751e8b465ee728b)  -> (artifact id: '1f0f8f513cd8e479a3d2a30619b7152d') in 0.048532 seconds
  Import took 0.052360 seconds .

========================================================================
Received Import Request.
  Time since last request: 68.207905 seconds.
  path: Assets/FaceGame/Prefabs/ColliderPrefab.prefab
  artifactKey: Guid(6ee5395ebae194632b7af367517e0130) Importer(815301076,1909f56bfc062723c751e8b465ee728b)
Start importing Assets/FaceGame/Prefabs/ColliderPrefab.prefab using Guid(6ee5395ebae194632b7af367517e0130) Importer(815301076,1909f56bfc062723c751e8b465ee728b)  -> (artifact id: '1fd2578732e200dda79541ea0f255d02') in 0.411093 seconds
  Import took 0.414799 seconds .

========================================================================
Received Prepare
Registering precompiled user dll's ...
Registered in 0.000484 seconds.
Begin MonoManager ReloadAssembly
Native extension for OSXStandalone target not found
Refreshing native plugins compatible for Editor in 0.37 ms, found 1 plugins.
Preloading 0 native plugins for Editor in 0.00 ms.
Mono: successfully reloaded assembly
- Completed reload, in  1.087 seconds
Platform modules already initialized, skipping
Switching build target platform(2) subTarget(0) extendedPlatform(0) -> platform(9) subTarget(16777218) extendedPlatform(0)
Refreshing native plugins compatible for Editor in 0.59 ms, found 1 plugins.
Preloading 0 native plugins for Editor in 0.00 ms.
Unloading 1655 Unused Serialized files (Serialized files now loaded: 0)
System memory in use before: 149.6 MB.
System memory in use after: 149.6 MB.

Unloading 15 unused Assets to reduce memory usage. Loaded Objects now: 2178.
Total: 2.616246 ms (FindLiveObjects: 0.256240 ms CreateObjectMapping: 0.072312 ms MarkObjects: 2.231339 ms  DeleteObjects: 0.052081 ms)

AssetImportParameters requested are different than current active one (requested -> active):
  custom:graphics/normal-map-encoding: 01000000000000000000000000000000 -> 02000000000000000000000000000000
========================================================================
Received Prepare
Registering precompiled user dll's ...
Registered in 0.003088 seconds.
Begin MonoManager ReloadAssembly
Native extension for OSXStandalone target not found
Refreshing native plugins compatible for Editor in 0.37 ms, found 1 plugins.
Preloading 0 native plugins for Editor in 0.00 ms.
Mono: successfully reloaded assembly
- Completed reload, in  1.102 seconds
Platform modules already initialized, skipping
Switching build target platform(2) subTarget(0) extendedPlatform(0) -> platform(9) subTarget(16777218) extendedPlatform(0)
Refreshing native plugins compatible for Editor in 0.37 ms, found 1 plugins.
Preloading 0 native plugins for Editor in 0.00 ms.
Unloading 1655 Unused Serialized files (Serialized files now loaded: 0)
System memory in use before: 150.0 MB.
System memory in use after: 150.0 MB.

Unloading 15 unused Assets to reduce memory usage. Loaded Objects now: 2182.
Total: 1.876287 ms (FindLiveObjects: 0.291924 ms CreateObjectMapping: 0.106316 ms MarkObjects: 1.427598 ms  DeleteObjects: 0.049151 ms)

AssetImportParameters requested are different than current active one (requested -> active):
  custom:graphics/normal-map-encoding: 01000000000000000000000000000000 -> 02000000000000000000000000000000
========================================================================
Received Import Request.
  Time since last request: 2474.045159 seconds.
  path: Assets/FaceGame/Prefabs/ColliderPrefab.prefab
  artifactKey: Guid(6ee5395ebae194632b7af367517e0130) Importer(815301076,1909f56bfc062723c751e8b465ee728b)
Start importing Assets/FaceGame/Prefabs/ColliderPrefab.prefab using Guid(6ee5395ebae194632b7af367517e0130) Importer(815301076,1909f56bfc062723c751e8b465ee728b)  -> (artifact id: '1d74fc948e0824eb83603ce4df5ffe8a') in 0.140502 seconds
  Import took 0.144014 seconds .

========================================================================
Received Prepare
Registering precompiled user dll's ...
Registered in 0.000451 seconds.
Begin MonoManager ReloadAssembly
Native extension for OSXStandalone target not found
Refreshing native plugins compatible for Editor in 0.37 ms, found 1 plugins.
Preloading 0 native plugins for Editor in 0.00 ms.
Mono: successfully reloaded assembly
- Completed reload, in  1.052 seconds
Platform modules already initialized, skipping
Switching build target platform(2) subTarget(0) extendedPlatform(0) -> platform(9) subTarget(16777218) extendedPlatform(0)
Refreshing native plugins compatible for Editor in 0.41 ms, found 1 plugins.
Preloading 0 native plugins for Editor in 0.00 ms.
Unloading 1655 Unused Serialized files (Serialized files now loaded: 0)
System memory in use before: 150.3 MB.
System memory in use after: 150.3 MB.

Unloading 15 unused Assets to reduce memory usage. Loaded Objects now: 2187.
Total: 2.078376 ms (FindLiveObjects: 0.311432 ms CreateObjectMapping: 0.064235 ms MarkObjects: 1.649645 ms  DeleteObjects: 0.051039 ms)

AssetImportParameters requested are different than current active one (requested -> active):
  custom:graphics/normal-map-encoding: 01000000000000000000000000000000 -> 02000000000000000000000000000000
========================================================================
Received Import Request.
  Time since last request: 7.741383 seconds.
  path: Assets/FaceGame/Prefabs/ColliderPrefab.prefab
  artifactKey: Guid(6ee5395ebae194632b7af367517e0130) Importer(815301076,1909f56bfc062723c751e8b465ee728b)
Start importing Assets/FaceGame/Prefabs/ColliderPrefab.prefab using Guid(6ee5395ebae194632b7af367517e0130) Importer(815301076,1909f56bfc062723c751e8b465ee728b)  -> (artifact id: '113f35b6eeac4ab95393dd53a17b3c16') in 0.028555 seconds
  Import took 0.032628 seconds .

========================================================================
Received Import Request.
  Time since last request: 47.275448 seconds.
  path: Assets/Meshes/sloth_head_blendshapes5.fbx
  artifactKey: Guid(63ae12abc50414d5c882dbe18f6a820b) Importer(815301076,1909f56bfc062723c751e8b465ee728b)
Start importing Assets/Meshes/sloth_head_blendshapes5.fbx using Guid(63ae12abc50414d5c882dbe18f6a820b) Importer(815301076,1909f56bfc062723c751e8b465ee728b)  -> (artifact id: 'b0c375238cdc2df81dc5468994afcb0f') in 3.737265 seconds
  Import took 3.746213 seconds .

========================================================================
Received Import Request.
  Time since last request: 2.369042 seconds.
  path: Assets/FaceGame/Materials/ColliderVisualizer.mat
  artifactKey: Guid(efb6b0fc31d0c46439327608fd3beefd) Importer(815301076,1909f56bfc062723c751e8b465ee728b)
Start importing Assets/FaceGame/Materials/ColliderVisualizer.mat using Guid(efb6b0fc31d0c46439327608fd3beefd) Importer(815301076,1909f56bfc062723c751e8b465ee728b)  -> (artifact id: 'c5ccc37211659bbbfca1e3c2c6ff45b0') in 0.068859 seconds
  Import took 0.072075 seconds .

========================================================================
Received Import Request.
  Time since last request: 0.002579 seconds.
  path: Assets/FaceGame/Materials/ColliderVisualizer.mat
  artifactKey: Guid(efb6b0fc31d0c46439327608fd3beefd) Importer(815301076,1909f56bfc062723c751e8b465ee728b)
Start importing Assets/FaceGame/Materials/ColliderVisualizer.mat using Guid(efb6b0fc31d0c46439327608fd3beefd) Importer(815301076,1909f56bfc062723c751e8b465ee728b)  -> (artifact id: 'c5ccc37211659bbbfca1e3c2c6ff45b0') in 0.019940 seconds
  Import took 0.023772 seconds .

========================================================================
Received Prepare
Registering precompiled user dll's ...
Registered in 0.001471 seconds.
Begin MonoManager ReloadAssembly
Native extension for OSXStandalone target not found
Refreshing native plugins compatible for Editor in 0.38 ms, found 1 plugins.
Preloading 0 native plugins for Editor in 0.00 ms.
Mono: successfully reloaded assembly
- Completed reload, in  1.145 seconds
Platform modules already initialized, skipping
Switching build target platform(2) subTarget(0) extendedPlatform(0) -> platform(9) subTarget(16777218) extendedPlatform(0)
Refreshing native plugins compatible for Editor in 0.56 ms, found 1 plugins.
Preloading 0 native plugins for Editor in 0.00 ms.
Unloading 1655 Unused Serialized files (Serialized files now loaded: 0)
System memory in use before: 155.1 MB.
System memory in use after: 155.2 MB.

Unloading 15 unused Assets to reduce memory usage. Loaded Objects now: 2195.
Total: 1.938053 ms (FindLiveObjects: 0.148140 ms CreateObjectMapping: 0.034091 ms MarkObjects: 1.708680 ms  DeleteObjects: 0.045913 ms)

AssetImportParameters requested are different than current active one (requested -> active):
  custom:graphics/normal-map-encoding: 01000000000000000000000000000000 -> 02000000000000000000000000000000
========================================================================
Received Prepare
Registering precompiled user dll's ...
Registered in 0.002104 seconds.
Begin MonoManager ReloadAssembly
Native extension for OSXStandalone target not found
Refreshing native plugins compatible for Editor in 0.45 ms, found 1 plugins.
Preloading 0 native plugins for Editor in 0.00 ms.
Mono: successfully reloaded assembly
- Completed reload, in  1.043 seconds
Platform modules already initialized, skipping
Switching build target platform(2) subTarget(0) extendedPlatform(0) -> platform(9) subTarget(16777218) extendedPlatform(0)
Refreshing native plugins compatible for Editor in 0.42 ms, found 1 plugins.
Preloading 0 native plugins for Editor in 0.00 ms.
Unloading 1655 Unused Serialized files (Serialized files now loaded: 0)
System memory in use before: 155.3 MB.
System memory in use after: 155.4 MB.

Unloading 15 unused Assets to reduce memory usage. Loaded Objects now: 2199.
Total: 2.384999 ms (FindLiveObjects: 0.211220 ms CreateObjectMapping: 0.053003 ms MarkObjects: 2.064741 ms  DeleteObjects: 0.052644 ms)

AssetImportParameters requested are different than current active one (requested -> active):
  custom:graphics/normal-map-encoding: 01000000000000000000000000000000 -> 02000000000000000000000000000000
========================================================================
Received Prepare
Registering precompiled user dll's ...
Registered in 0.000525 seconds.
Begin MonoManager ReloadAssembly
Native extension for OSXStandalone target not found
Refreshing native plugins compatible for Editor in 0.59 ms, found 1 plugins.
Preloading 0 native plugins for Editor in 0.00 ms.
Mono: successfully reloaded assembly
- Completed reload, in  1.599 seconds
Platform modules already initialized, skipping
Switching build target platform(2) subTarget(0) extendedPlatform(0) -> platform(9) subTarget(16777218) extendedPlatform(0)
Refreshing native plugins compatible for Editor in 0.72 ms, found 1 plugins.
Preloading 0 native plugins for Editor in 0.00 ms.
Unloading 1655 Unused Serialized files (Serialized files now loaded: 0)
System memory in use before: 155.6 MB.
System memory in use after: 155.7 MB.

Unloading 15 unused Assets to reduce memory usage. Loaded Objects now: 2203.
Total: 2.770666 ms (FindLiveObjects: 0.469190 ms CreateObjectMapping: 0.082725 ms MarkObjects: 2.165443 ms  DeleteObjects: 0.050749 ms)

AssetImportParameters requested are different than current active one (requested -> active):
  custom:graphics/normal-map-encoding: 01000000000000000000000000000000 -> 02000000000000000000000000000000
========================================================================
Received Prepare
Registering precompiled user dll's ...
Registered in 0.000488 seconds.
Begin MonoManager ReloadAssembly
Native extension for OSXStandalone target not found
Refreshing native plugins compatible for Editor in 0.40 ms, found 1 plugins.
Preloading 0 native plugins for Editor in 0.00 ms.
Mono: successfully reloaded assembly
- Completed reload, in  1.143 seconds
Platform modules already initialized, skipping
Switching build target platform(2) subTarget(0) extendedPlatform(0) -> platform(9) subTarget(16777218) extendedPlatform(0)
Refreshing native plugins compatible for Editor in 0.37 ms, found 1 plugins.
Preloading 0 native plugins for Editor in 0.00 ms.
Unloading 1655 Unused Serialized files (Serialized files now loaded: 0)
System memory in use before: 155.8 MB.
System memory in use after: 155.9 MB.

Unloading 15 unused Assets to reduce memory usage. Loaded Objects now: 2207.
Total: 2.147746 ms (FindLiveObjects: 0.290697 ms CreateObjectMapping: 0.063388 ms MarkObjects: 1.739113 ms  DeleteObjects: 0.052439 ms)

AssetImportParameters requested are different than current active one (requested -> active):
  custom:graphics/normal-map-encoding: 01000000000000000000000000000000 -> 02000000000000000000000000000000
========================================================================
Received Prepare
Registering precompiled user dll's ...
Registered in 0.000475 seconds.
Begin MonoManager ReloadAssembly
Native extension for OSXStandalone target not found
Refreshing native plugins compatible for Editor in 0.45 ms, found 1 plugins.
Preloading 0 native plugins for Editor in 0.00 ms.
Mono: successfully reloaded assembly
- Completed reload, in  1.207 seconds
Platform modules already initialized, skipping
Switching build target platform(2) subTarget(0) extendedPlatform(0) -> platform(9) subTarget(16777218) extendedPlatform(0)
Refreshing native plugins compatible for Editor in 0.48 ms, found 1 plugins.
Preloading 0 native plugins for Editor in 0.00 ms.
Unloading 1655 Unused Serialized files (Serialized files now loaded: 0)
System memory in use before: 156.0 MB.
System memory in use after: 156.1 MB.

Unloading 15 unused Assets to reduce memory usage. Loaded Objects now: 2211.
Total: 3.100669 ms (FindLiveObjects: 0.223308 ms CreateObjectMapping: 0.085793 ms MarkObjects: 2.736418 ms  DeleteObjects: 0.053694 ms)

AssetImportParameters requested are different than current active one (requested -> active):
  custom:graphics/normal-map-encoding: 01000000000000000000000000000000 -> 02000000000000000000000000000000
========================================================================
Received Prepare
Registering precompiled user dll's ...
Registered in 0.000487 seconds.
Begin MonoManager ReloadAssembly
Native extension for OSXStandalone target not found
Refreshing native plugins compatible for Editor in 0.41 ms, found 1 plugins.
Preloading 0 native plugins for Editor in 0.00 ms.
Mono: successfully reloaded assembly
- Completed reload, in  1.183 seconds
Platform modules already initialized, skipping
Switching build target platform(2) subTarget(0) extendedPlatform(0) -> platform(9) subTarget(16777218) extendedPlatform(0)
Refreshing native plugins compatible for Editor in 0.36 ms, found 1 plugins.
Preloading 0 native plugins for Editor in 0.00 ms.
Unloading 1655 Unused Serialized files (Serialized files now loaded: 0)
System memory in use before: 156.2 MB.
System memory in use after: 156.3 MB.

Unloading 15 unused Assets to reduce memory usage. Loaded Objects now: 2215.
Total: 2.687011 ms (FindLiveObjects: 0.365155 ms CreateObjectMapping: 0.122490 ms MarkObjects: 2.140542 ms  DeleteObjects: 0.056687 ms)

AssetImportParameters requested are different than current active one (requested -> active):
  custom:graphics/normal-map-encoding: 01000000000000000000000000000000 -> 02000000000000000000000000000000
========================================================================
Received Import Request.
  Time since last request: 2649.757031 seconds.
  path: Assets/FaceGame/Prefabs/RightWinkTarget.prefab
  artifactKey: Guid(721b413a0869b4c5e818b5fca9f5a143) Importer(815301076,1909f56bfc062723c751e8b465ee728b)
Start importing Assets/FaceGame/Prefabs/RightWinkTarget.prefab using Guid(721b413a0869b4c5e818b5fca9f5a143) Importer(815301076,1909f56bfc062723c751e8b465ee728b)  -> (artifact id: '89e4c936690949c01905ec9309700afa') in 0.032434 seconds
  Import took 0.036130 seconds .

========================================================================
Received Import Request.
  Time since last request: 4.412479 seconds.
  path: Assets/FaceGame/Prefabs/NoseTarget.prefab
  artifactKey: Guid(b052ccdadc07449c0a601b175c68aa94) Importer(815301076,1909f56bfc062723c751e8b465ee728b)
Start importing Assets/FaceGame/Prefabs/NoseTarget.prefab using Guid(b052ccdadc07449c0a601b175c68aa94) Importer(815301076,1909f56bfc062723c751e8b465ee728b)  -> (artifact id: '675f3254299955e71e3664c38b291320') in 0.005608 seconds
  Import took 0.009173 seconds .

========================================================================
Received Import Request.
  Time since last request: 0.013232 seconds.
  path: Assets/FaceGame/Prefabs/NoseTarget.prefab
  artifactKey: Guid(b052ccdadc07449c0a601b175c68aa94) Importer(815301076,1909f56bfc062723c751e8b465ee728b)
Start importing Assets/FaceGame/Prefabs/NoseTarget.prefab using Guid(b052ccdadc07449c0a601b175c68aa94) Importer(815301076,1909f56bfc062723c751e8b465ee728b)  -> (artifact id: '675f3254299955e71e3664c38b291320') in 0.006606 seconds
  Import took 0.010771 seconds .

========================================================================
Received Import Request.
  Time since last request: 6.087585 seconds.
  path: Assets/FaceGame/Prefabs/RightWinkTarget 1.prefab
  artifactKey: Guid(a4f528ca8b5c0414387012f288517e92) Importer(815301076,1909f56bfc062723c751e8b465ee728b)
Start importing Assets/FaceGame/Prefabs/RightWinkTarget 1.prefab using Guid(a4f528ca8b5c0414387012f288517e92) Importer(815301076,1909f56bfc062723c751e8b465ee728b)  -> (artifact id: '4f3ded4eab0fe2c324826d8c768b4023') in 0.006331 seconds
  Import took 0.010357 seconds .

========================================================================
Received Import Request.
  Time since last request: 0.827802 seconds.
  path: Assets/FaceGame/Prefabs/RightWinkTarget 2.prefab
  artifactKey: Guid(ead4f57b6ad9a406dafc72ca0307ae07) Importer(815301076,1909f56bfc062723c751e8b465ee728b)
Start importing Assets/FaceGame/Prefabs/RightWinkTarget 2.prefab using Guid(ead4f57b6ad9a406dafc72ca0307ae07) Importer(815301076,1909f56bfc062723c751e8b465ee728b)  -> (artifact id: '4e7d13e145af047576f62a010cf1c450') in 0.006311 seconds
  Import took 0.010706 seconds .

========================================================================
Received Import Request.
  Time since last request: 0.654788 seconds.
  path: Assets/FaceGame/Prefabs/RightWinkTarget 3.prefab
  artifactKey: Guid(c32d0c4d596e64b41bf00e2984a72ad7) Importer(815301076,1909f56bfc062723c751e8b465ee728b)
Start importing Assets/FaceGame/Prefabs/RightWinkTarget 3.prefab using Guid(c32d0c4d596e64b41bf00e2984a72ad7) Importer(815301076,1909f56bfc062723c751e8b465ee728b)  -> (artifact id: '3d01ffb33284d797000c660485718828') in 0.005987 seconds
  Import took 0.009892 seconds .

========================================================================
Received Import Request.
  Time since last request: 147.411646 seconds.
  path: Assets/FaceGame/Prefabs/LeftWinkTarget.prefab
  artifactKey: Guid(c32d0c4d596e64b41bf00e2984a72ad7) Importer(815301076,1909f56bfc062723c751e8b465ee728b)
Start importing Assets/FaceGame/Prefabs/LeftWinkTarget.prefab using Guid(c32d0c4d596e64b41bf00e2984a72ad7) Importer(815301076,1909f56bfc062723c751e8b465ee728b)  -> (artifact id: 'd96502181e7565a7b7abcdf2d1fb1ef0') in 0.006607 seconds
  Import took 0.010165 seconds .

========================================================================
Received Import Request.
  Time since last request: 0.008536 seconds.
  path: Assets/FaceGame/Prefabs/LeftWinkTarget.prefab
  artifactKey: Guid(c32d0c4d596e64b41bf00e2984a72ad7) Importer(815301076,1909f56bfc062723c751e8b465ee728b)
Start importing Assets/FaceGame/Prefabs/LeftWinkTarget.prefab using Guid(c32d0c4d596e64b41bf00e2984a72ad7) Importer(815301076,1909f56bfc062723c751e8b465ee728b)  -> (artifact id: 'd96502181e7565a7b7abcdf2d1fb1ef0') in 0.006707 seconds
  Import took 0.010259 seconds .

========================================================================
Received Prepare
Registering precompiled user dll's ...
Registered in 0.000483 seconds.
Begin MonoManager ReloadAssembly
Native extension for OSXStandalone target not found
Refreshing native plugins compatible for Editor in 0.37 ms, found 1 plugins.
Preloading 0 native plugins for Editor in 0.00 ms.
Mono: successfully reloaded assembly
- Completed reload, in  1.116 seconds
Platform modules already initialized, skipping
Switching build target platform(2) subTarget(0) extendedPlatform(0) -> platform(9) subTarget(16777218) extendedPlatform(0)
Refreshing native plugins compatible for Editor in 1.59 ms, found 1 plugins.
Preloading 0 native plugins for Editor in 0.00 ms.
Unloading 1655 Unused Serialized files (Serialized files now loaded: 0)
System memory in use before: 156.5 MB.
System memory in use after: 156.6 MB.

Unloading 15 unused Assets to reduce memory usage. Loaded Objects now: 2219.
Total: 2.473251 ms (FindLiveObjects: 0.343520 ms CreateObjectMapping: 0.081810 ms MarkObjects: 1.998880 ms  DeleteObjects: 0.047264 ms)

AssetImportParameters requested are different than current active one (requested -> active):
  custom:graphics/normal-map-encoding: 01000000000000000000000000000000 -> 02000000000000000000000000000000
========================================================================
Received Import Request.
  Time since last request: 130.302328 seconds.
  path: Assets/FaceGame/Materials/NoseTarget.mat
  artifactKey: Guid(a604026f66e0f4cce88342b7a8de10bd) Importer(815301076,1909f56bfc062723c751e8b465ee728b)
Start importing Assets/FaceGame/Materials/NoseTarget.mat using Guid(a604026f66e0f4cce88342b7a8de10bd) Importer(815301076,1909f56bfc062723c751e8b465ee728b)  -> (artifact id: 'a0666cffe4cbe10aed0f64bed456930b') in 0.102310 seconds
  Import took 0.108756 seconds .

========================================================================
Received Import Request.
  Time since last request: 16.028546 seconds.
  path: Assets/FaceGame/Prefabs/NoseTarget.prefab
  artifactKey: Guid(a4f528ca8b5c0414387012f288517e92) Importer(815301076,1909f56bfc062723c751e8b465ee728b)
Start importing Assets/FaceGame/Prefabs/NoseTarget.prefab using Guid(a4f528ca8b5c0414387012f288517e92) Importer(815301076,1909f56bfc062723c751e8b465ee728b)  -> (artifact id: 'e4f00d7d072ec34f125ceeb94bc987ab') in 0.013051 seconds
  Import took 0.016788 seconds .

========================================================================
Received Import Request.
  Time since last request: 0.005181 seconds.
  path: Assets/FaceGame/Prefabs/NoseTarget.prefab
  artifactKey: Guid(a4f528ca8b5c0414387012f288517e92) Importer(815301076,1909f56bfc062723c751e8b465ee728b)
Start importing Assets/FaceGame/Prefabs/NoseTarget.prefab using Guid(a4f528ca8b5c0414387012f288517e92) Importer(815301076,1909f56bfc062723c751e8b465ee728b)  -> (artifact id: 'e4f00d7d072ec34f125ceeb94bc987ab') in 0.006696 seconds
  Import took 0.010232 seconds .

========================================================================
Received Import Request.
  Time since last request: 0.498704 seconds.
  path: Assets/FaceGame/Materials/LeftWinkTarget.mat
  artifactKey: Guid(a5121d6bdddd348a28d6c8d4d780724b) Importer(815301076,1909f56bfc062723c751e8b465ee728b)
Start importing Assets/FaceGame/Materials/LeftWinkTarget.mat using Guid(a5121d6bdddd348a28d6c8d4d780724b) Importer(815301076,1909f56bfc062723c751e8b465ee728b)  -> (artifact id: 'beb07ae89e175a4ec550a17bc728ce3d') in 0.029564 seconds
  Import took 0.033588 seconds .

========================================================================
Received Import Request.
  Time since last request: 0.015995 seconds.
  path: Assets/FaceGame/Materials/LeftWinkTarget.mat
  artifactKey: Guid(a5121d6bdddd348a28d6c8d4d780724b) Importer(815301076,1909f56bfc062723c751e8b465ee728b)
Start importing Assets/FaceGame/Materials/LeftWinkTarget.mat using Guid(a5121d6bdddd348a28d6c8d4d780724b) Importer(815301076,1909f56bfc062723c751e8b465ee728b)  -> (artifact id: 'beb07ae89e175a4ec550a17bc728ce3d') in 0.023619 seconds
  Import took 0.026943 seconds .

========================================================================
Received Import Request.
  Time since last request: 38.565569 seconds.
  path: Assets/FaceGame/Materials/TongueTarget.mat
  artifactKey: Guid(00a59f31fac9f4e419924e453b9f8088) Importer(815301076,1909f56bfc062723c751e8b465ee728b)
Start importing Assets/FaceGame/Materials/TongueTarget.mat using Guid(00a59f31fac9f4e419924e453b9f8088) Importer(815301076,1909f56bfc062723c751e8b465ee728b)  -> (artifact id: '9dcddc493b92908c417bbff0524befc1') in 0.026490 seconds
  Import took 0.029899 seconds .

========================================================================
Received Prepare
Registering precompiled user dll's ...
Registered in 0.000465 seconds.
Begin MonoManager ReloadAssembly
Native extension for OSXStandalone target not found
Refreshing native plugins compatible for Editor in 0.38 ms, found 1 plugins.
Preloading 0 native plugins for Editor in 0.00 ms.
Mono: successfully reloaded assembly
- Completed reload, in  1.133 seconds
Platform modules already initialized, skipping
Switching build target platform(2) subTarget(0) extendedPlatform(0) -> platform(9) subTarget(16777218) extendedPlatform(0)
Refreshing native plugins compatible for Editor in 0.42 ms, found 1 plugins.
Preloading 0 native plugins for Editor in 0.00 ms.
Unloading 1655 Unused Serialized files (Serialized files now loaded: 0)
System memory in use before: 156.8 MB.
System memory in use after: 156.9 MB.

Unloading 15 unused Assets to reduce memory usage. Loaded Objects now: 2224.
Total: 2.078773 ms (FindLiveObjects: 0.237086 ms CreateObjectMapping: 0.066301 ms MarkObjects: 1.719821 ms  DeleteObjects: 0.053415 ms)

AssetImportParameters requested are different than current active one (requested -> active):
  custom:graphics/normal-map-encoding: 01000000000000000000000000000000 -> 02000000000000000000000000000000
========================================================================
Received Prepare
Registering precompiled user dll's ...
Registered in 0.000475 seconds.
Begin MonoManager ReloadAssembly
Native extension for OSXStandalone target not found
Refreshing native plugins compatible for Editor in 0.58 ms, found 1 plugins.
Preloading 0 native plugins for Editor in 0.00 ms.
Mono: successfully reloaded assembly
- Completed reload, in  1.176 seconds
Platform modules already initialized, skipping
Switching build target platform(2) subTarget(0) extendedPlatform(0) -> platform(9) subTarget(16777218) extendedPlatform(0)
Refreshing native plugins compatible for Editor in 0.69 ms, found 1 plugins.
Preloading 0 native plugins for Editor in 0.00 ms.
Unloading 1655 Unused Serialized files (Serialized files now loaded: 0)
System memory in use before: 157.0 MB.
System memory in use after: 157.1 MB.

Unloading 15 unused Assets to reduce memory usage. Loaded Objects now: 2228.
Total: 2.113508 ms (FindLiveObjects: 0.278103 ms CreateObjectMapping: 0.059771 ms MarkObjects: 1.720628 ms  DeleteObjects: 0.053779 ms)

AssetImportParameters requested are different than current active one (requested -> active):
  custom:graphics/normal-map-encoding: 01000000000000000000000000000000 -> 02000000000000000000000000000000
========================================================================
Received Prepare
Registering precompiled user dll's ...
Registered in 0.000506 seconds.
Begin MonoManager ReloadAssembly
Native extension for OSXStandalone target not found
Refreshing native plugins compatible for Editor in 0.40 ms, found 1 plugins.
Preloading 0 native plugins for Editor in 0.00 ms.
Mono: successfully reloaded assembly
- Completed reload, in  1.119 seconds
Platform modules already initialized, skipping
Switching build target platform(2) subTarget(0) extendedPlatform(0) -> platform(9) subTarget(16777218) extendedPlatform(0)
Refreshing native plugins compatible for Editor in 1.05 ms, found 1 plugins.
Preloading 0 native plugins for Editor in 0.00 ms.
Unloading 1655 Unused Serialized files (Serialized files now loaded: 0)
System memory in use before: 157.3 MB.
System memory in use after: 157.3 MB.

Unloading 15 unused Assets to reduce memory usage. Loaded Objects now: 2232.
Total: 1.966919 ms (FindLiveObjects: 0.190542 ms CreateObjectMapping: 0.051924 ms MarkObjects: 1.657818 ms  DeleteObjects: 0.065113 ms)

AssetImportParameters requested are different than current active one (requested -> active):
  custom:graphics/normal-map-encoding: 01000000000000000000000000000000 -> 02000000000000000000000000000000
========================================================================
Received Prepare
Registering precompiled user dll's ...
Registered in 0.000769 seconds.
Begin MonoManager ReloadAssembly
Native extension for OSXStandalone target not found
Refreshing native plugins compatible for Editor in 0.49 ms, found 1 plugins.
Preloading 0 native plugins for Editor in 0.00 ms.
Mono: successfully reloaded assembly
- Completed reload, in  1.168 seconds
Platform modules already initialized, skipping
Switching build target platform(2) subTarget(0) extendedPlatform(0) -> platform(9) subTarget(16777218) extendedPlatform(0)
Refreshing native plugins compatible for Editor in 0.39 ms, found 1 plugins.
Preloading 0 native plugins for Editor in 0.00 ms.
Unloading 1655 Unused Serialized files (Serialized files now loaded: 0)
System memory in use before: 157.5 MB.
System memory in use after: 157.6 MB.

Unloading 15 unused Assets to reduce memory usage. Loaded Objects now: 2236.
Total: 2.271835 ms (FindLiveObjects: 0.328921 ms CreateObjectMapping: 0.084503 ms MarkObjects: 1.800178 ms  DeleteObjects: 0.054270 ms)

AssetImportParameters requested are different than current active one (requested -> active):
  custom:graphics/normal-map-encoding: 01000000000000000000000000000000 -> 02000000000000000000000000000000
========================================================================
Received Prepare
Registering precompiled user dll's ...
Registered in 0.000759 seconds.
Begin MonoManager ReloadAssembly
Native extension for OSXStandalone target not found
Refreshing native plugins compatible for Editor in 0.38 ms, found 1 plugins.
Preloading 0 native plugins for Editor in 0.00 ms.
Mono: successfully reloaded assembly
- Completed reload, in  1.216 seconds
Platform modules already initialized, skipping
Switching build target platform(2) subTarget(0) extendedPlatform(0) -> platform(9) subTarget(16777218) extendedPlatform(0)
Refreshing native plugins compatible for Editor in 0.38 ms, found 1 plugins.
Preloading 0 native plugins for Editor in 0.00 ms.
Unloading 1655 Unused Serialized files (Serialized files now loaded: 0)
System memory in use before: 157.7 MB.
System memory in use after: 157.8 MB.

Unloading 15 unused Assets to reduce memory usage. Loaded Objects now: 2240.
Total: 1.902103 ms (FindLiveObjects: 0.175174 ms CreateObjectMapping: 0.043311 ms MarkObjects: 1.634382 ms  DeleteObjects: 0.047967 ms)

AssetImportParameters requested are different than current active one (requested -> active):
  custom:graphics/normal-map-encoding: 01000000000000000000000000000000 -> 02000000000000000000000000000000
========================================================================
Received Prepare
Registering precompiled user dll's ...
Registered in 0.000515 seconds.
Begin MonoManager ReloadAssembly
Native extension for OSXStandalone target not found
Refreshing native plugins compatible for Editor in 0.62 ms, found 1 plugins.
Preloading 0 native plugins for Editor in 0.00 ms.
Mono: successfully reloaded assembly
- Completed reload, in  1.675 seconds
Platform modules already initialized, skipping
Switching build target platform(2) subTarget(0) extendedPlatform(0) -> platform(9) subTarget(16777218) extendedPlatform(0)
Refreshing native plugins compatible for Editor in 0.40 ms, found 1 plugins.
Preloading 0 native plugins for Editor in 0.00 ms.
Unloading 1655 Unused Serialized files (Serialized files now loaded: 0)
System memory in use before: 157.9 MB.
System memory in use after: 158.0 MB.

Unloading 15 unused Assets to reduce memory usage. Loaded Objects now: 2244.
Total: 1.913282 ms (FindLiveObjects: 0.180566 ms CreateObjectMapping: 0.051974 ms MarkObjects: 1.625406 ms  DeleteObjects: 0.053381 ms)

AssetImportParameters requested are different than current active one (requested -> active):
  custom:graphics/normal-map-encoding: 01000000000000000000000000000000 -> 02000000000000000000000000000000
========================================================================
Received Prepare
Registering precompiled user dll's ...
Registered in 0.000548 seconds.
Begin MonoManager ReloadAssembly
Native extension for OSXStandalone target not found
Refreshing native plugins compatible for Editor in 0.40 ms, found 1 plugins.
Preloading 0 native plugins for Editor in 0.00 ms.
Mono: successfully reloaded assembly
- Completed reload, in  1.246 seconds
Platform modules already initialized, skipping
Switching build target platform(2) subTarget(0) extendedPlatform(0) -> platform(9) subTarget(16777218) extendedPlatform(0)
Refreshing native plugins compatible for Editor in 0.40 ms, found 1 plugins.
Preloading 0 native plugins for Editor in 0.00 ms.
Unloading 1655 Unused Serialized files (Serialized files now loaded: 0)
System memory in use before: 158.2 MB.
System memory in use after: 158.3 MB.

Unloading 15 unused Assets to reduce memory usage. Loaded Objects now: 2248.
Total: 2.267047 ms (FindLiveObjects: 0.473251 ms CreateObjectMapping: 0.091817 ms MarkObjects: 1.642948 ms  DeleteObjects: 0.057241 ms)

AssetImportParameters requested are different than current active one (requested -> active):
  custom:graphics/normal-map-encoding: 01000000000000000000000000000000 -> 02000000000000000000000000000000
========================================================================
Received Prepare
Registering precompiled user dll's ...
Registered in 0.000862 seconds.
Begin MonoManager ReloadAssembly
Native extension for OSXStandalone target not found
Refreshing native plugins compatible for Editor in 0.58 ms, found 1 plugins.
Preloading 0 native plugins for Editor in 0.00 ms.
Mono: successfully reloaded assembly
- Completed reload, in  1.314 seconds
Platform modules already initialized, skipping
Switching build target platform(2) subTarget(0) extendedPlatform(0) -> platform(9) subTarget(16777218) extendedPlatform(0)
Refreshing native plugins compatible for Editor in 0.49 ms, found 1 plugins.
Preloading 0 native plugins for Editor in 0.00 ms.
Unloading 1655 Unused Serialized files (Serialized files now loaded: 0)
System memory in use before: 158.4 MB.
System memory in use after: 158.5 MB.

Unloading 15 unused Assets to reduce memory usage. Loaded Objects now: 2252.
Total: 2.809832 ms (FindLiveObjects: 0.304840 ms CreateObjectMapping: 0.068179 ms MarkObjects: 2.333633 ms  DeleteObjects: 0.101675 ms)

AssetImportParameters requested are different than current active one (requested -> active):
  custom:graphics/normal-map-encoding: 01000000000000000000000000000000 -> 02000000000000000000000000000000
========================================================================
Received Prepare
Registering precompiled user dll's ...
Registered in 0.000966 seconds.
Begin MonoManager ReloadAssembly
Native extension for OSXStandalone target not found
Refreshing native plugins compatible for Editor in 0.39 ms, found 1 plugins.
Preloading 0 native plugins for Editor in 0.00 ms.
Mono: successfully reloaded assembly
- Completed reload, in  1.222 seconds
Platform modules already initialized, skipping
Switching build target platform(2) subTarget(0) extendedPlatform(0) -> platform(9) subTarget(16777218) extendedPlatform(0)
Refreshing native plugins compatible for Editor in 0.59 ms, found 1 plugins.
Preloading 0 native plugins for Editor in 0.00 ms.
Unloading 1655 Unused Serialized files (Serialized files now loaded: 0)
System memory in use before: 158.7 MB.
System memory in use after: 158.7 MB.

Unloading 15 unused Assets to reduce memory usage. Loaded Objects now: 2256.
Total: 2.022041 ms (FindLiveObjects: 0.232148 ms CreateObjectMapping: 0.076469 ms MarkObjects: 1.665747 ms  DeleteObjects: 0.045990 ms)

AssetImportParameters requested are different than current active one (requested -> active):
  custom:graphics/normal-map-encoding: 01000000000000000000000000000000 -> 02000000000000000000000000000000
========================================================================
Received Prepare
Registering precompiled user dll's ...
Registered in 0.000623 seconds.
Begin MonoManager ReloadAssembly
Native extension for OSXStandalone target not found
Refreshing native plugins compatible for Editor in 0.48 ms, found 1 plugins.
Preloading 0 native plugins for Editor in 0.00 ms.
Mono: successfully reloaded assembly
- Completed reload, in  1.241 seconds
Platform modules already initialized, skipping
Switching build target platform(2) subTarget(0) extendedPlatform(0) -> platform(9) subTarget(16777218) extendedPlatform(0)
Refreshing native plugins compatible for Editor in 0.42 ms, found 1 plugins.
Preloading 0 native plugins for Editor in 0.00 ms.
Unloading 1655 Unused Serialized files (Serialized files now loaded: 0)
System memory in use before: 158.9 MB.
System memory in use after: 159.0 MB.

Unloading 15 unused Assets to reduce memory usage. Loaded Objects now: 2260.
Total: 2.141168 ms (FindLiveObjects: 0.264527 ms CreateObjectMapping: 0.064455 ms MarkObjects: 1.755440 ms  DeleteObjects: 0.054741 ms)

AssetImportParameters requested are different than current active one (requested -> active):
  custom:graphics/normal-map-encoding: 01000000000000000000000000000000 -> 02000000000000000000000000000000
========================================================================
Received Prepare
Registering precompiled user dll's ...
Registered in 0.001369 seconds.
Begin MonoManager ReloadAssembly
Native extension for OSXStandalone target not found
Refreshing native plugins compatible for Editor in 0.38 ms, found 1 plugins.
Preloading 0 native plugins for Editor in 0.00 ms.
Mono: successfully reloaded assembly
- Completed reload, in  1.515 seconds
Platform modules already initialized, skipping
Switching build target platform(2) subTarget(0) extendedPlatform(0) -> platform(9) subTarget(16777218) extendedPlatform(0)
Refreshing native plugins compatible for Editor in 0.49 ms, found 1 plugins.
Preloading 0 native plugins for Editor in 0.00 ms.
Unloading 1655 Unused Serialized files (Serialized files now loaded: 0)
System memory in use before: 159.1 MB.
System memory in use after: 159.2 MB.

Unloading 15 unused Assets to reduce memory usage. Loaded Objects now: 2264.
Total: 2.498937 ms (FindLiveObjects: 0.302621 ms CreateObjectMapping: 0.070376 ms MarkObjects: 2.062879 ms  DeleteObjects: 0.059164 ms)

AssetImportParameters requested are different than current active one (requested -> active):
  custom:graphics/normal-map-encoding: 01000000000000000000000000000000 -> 02000000000000000000000000000000
========================================================================
Received Prepare
Registering precompiled user dll's ...
Registered in 0.000734 seconds.
Begin MonoManager ReloadAssembly
Native extension for OSXStandalone target not found
Refreshing native plugins compatible for Editor in 0.49 ms, found 1 plugins.
Preloading 0 native plugins for Editor in 0.00 ms.
Mono: successfully reloaded assembly
- Completed reload, in  1.515 seconds
Platform modules already initialized, skipping
Switching build target platform(2) subTarget(0) extendedPlatform(0) -> platform(9) subTarget(16777218) extendedPlatform(0)
Refreshing native plugins compatible for Editor in 0.81 ms, found 1 plugins.
Preloading 0 native plugins for Editor in 0.00 ms.
Unloading 1655 Unused Serialized files (Serialized files now loaded: 0)
System memory in use before: 159.3 MB.
System memory in use after: 159.4 MB.

Unloading 15 unused Assets to reduce memory usage. Loaded Objects now: 2268.
Total: 2.451469 ms (FindLiveObjects: 0.427556 ms CreateObjectMapping: 0.060984 ms MarkObjects: 1.882354 ms  DeleteObjects: 0.075160 ms)

AssetImportParameters requested are different than current active one (requested -> active):
  custom:graphics/normal-map-encoding: 01000000000000000000000000000000 -> 02000000000000000000000000000000
========================================================================
Received Prepare
Registering precompiled user dll's ...
Registered in 0.000531 seconds.
Begin MonoManager ReloadAssembly
Native extension for OSXStandalone target not found
Refreshing native plugins compatible for Editor in 0.38 ms, found 1 plugins.
Preloading 0 native plugins for Editor in 0.00 ms.
Mono: successfully reloaded assembly
- Completed reload, in  1.298 seconds
Platform modules already initialized, skipping
Switching build target platform(2) subTarget(0) extendedPlatform(0) -> platform(9) subTarget(16777218) extendedPlatform(0)
Refreshing native plugins compatible for Editor in 0.44 ms, found 1 plugins.
Preloading 0 native plugins for Editor in 0.00 ms.
Unloading 1655 Unused Serialized files (Serialized files now loaded: 0)
System memory in use before: 159.6 MB.
System memory in use after: 159.7 MB.

Unloading 15 unused Assets to reduce memory usage. Loaded Objects now: 2272.
Total: 1.912389 ms (FindLiveObjects: 0.201616 ms CreateObjectMapping: 0.059230 ms MarkObjects: 1.598136 ms  DeleteObjects: 0.052282 ms)

AssetImportParameters requested are different than current active one (requested -> active):
  custom:graphics/normal-map-encoding: 01000000000000000000000000000000 -> 02000000000000000000000000000000
